<?xml version="1.0" encoding="UTF-8"?>
<testsuites name="Test Suite_01" time="16.954" tests="1" failures="0" errors="0">
   <testsuite name="Test Suite_01" tests="1" failures="0" errors="0" time="16.954" skipped="0" timestamp="2022-09-28 13:11:59" hostname="Hi ! - DESKTOP-83DEK52" id="Test Suites/testsuite_01/Test Suite_01">
      <properties>
         <property name="deviceName" value=""/>
         <property name="devicePlatform" value=""/>
         <property name="logFolder" value="C:\\Users\\Himanshu\\Katalon Studio\\Healthcare Sample (1)\\Reports\\20220928_131150\\testsuite_01\\Test Suite_01\\20220928_131150"/>
         <property name="logFiles" value="C:\\Users\\Himanshu\\Katalon Studio\\Healthcare Sample (1)\\Reports\\20220928_131150\\testsuite_01\\Test Suite_01\\20220928_131150\\execution0.log"/>
         <property name="attachments" value=""/>
         <property name="hostName" value="Hi ! - DESKTOP-83DEK52"/>
         <property name="os" value="Windows 10 64bit"/>
         <property name="katalonVersion" value="8.5.0.208"/>
         <property name="browser" value="Chrome 106.0.0.0"/>
         <property name="hostAddress" value="192.168.1.32"/>
         <property name="sessionId" value="42c0c1d54169118a35f7616388d11e19"/>
         <property name="seleniumVersion" value="3.141.59"/>
         <property name="proxyInformation" value="ProxyInformation { proxyOption=NO_PROXY, proxyServerType=HTTP, username=, password=********, proxyServerAddress=, proxyServerPort=0, executionList=&quot;&quot;, isApplyToDesiredCapabilities=true }"/>
         <property name="platform" value="Windows 10"/>
      </properties>
      <testcase name="Test Cases/Common Test Cases/Login" time="16.459" classname="Test Cases/Common Test Cases/Login" status="PASSED">
         <system-out><![CDATA[2022-09-28 13:12:00 - [TEST_CASE][PASSED] - Test Cases/Common Test Cases/Login: Test Cases/Common Test Cases/Login

2022-09-28 13:12:03 - [TEST_STEP][PASSED] - openBrowser("https://www.saucedemo.com/"): Browser is opened with url: 'https://www.saucedemo.com/'

2022-09-28 13:12:03 - [MESSAGE][INFO] - Starting 'Chrome' driver

2022-09-28 13:12:03 - [MESSAGE][INFO] - Action delay is set to 0 milliseconds

2022-09-28 13:12:10 - [MESSAGE][PASSED] - Browser is opened with url: 'https://www.saucedemo.com/'

2022-09-28 13:12:10 - [TEST_STEP][PASSED] - click(findTestObject("Object Repository/Page_Swag Labs/div_standard_userlocked_out_userproblem_use_50634e")): Object: 'Object Repository/Page_Swag Labs/div_standard_userlocked_out_userproblem_use_50634e' is clicked on

2022-09-28 13:12:11 - [MESSAGE][PASSED] - Object: 'Object Repository/Page_Swag Labs/div_standard_userlocked_out_userproblem_use_50634e' is clicked on

2022-09-28 13:12:11 - [TEST_STEP][PASSED] - setText(findTestObject("Object Repository/Page_Swag Labs/input_standard_userlocked_out_userproblem_u_db77ac"), "standard_user"): Text 'standard_user' is set on object 'Object Repository/Page_Swag Labs/input_standard_userlocked_out_userproblem_u_db77ac'

2022-09-28 13:12:12 - [MESSAGE][PASSED] - Text 'standard_user' is set on object 'Object Repository/Page_Swag Labs/input_standard_userlocked_out_userproblem_u_db77ac'

2022-09-28 13:12:12 - [TEST_STEP][PASSED] - setEncryptedText(findTestObject("Object Repository/Page_Swag Labs/input_standard_userlocked_out_userproblem_u_3423e9"), "qcu24s4901FyWDTwXGr6XA=="): Text ****** has been set on object 'Object Repository/Page_Swag Labs/input_standard_userlocked_out_userproblem_u_3423e9'

2022-09-28 13:12:12 - [MESSAGE][PASSED] - Text ****** has been set on object 'Object Repository/Page_Swag Labs/input_standard_userlocked_out_userproblem_u_3423e9'

2022-09-28 13:12:12 - [TEST_STEP][PASSED] - click(findTestObject("Object Repository/Page_Swag Labs/input_standard_userlocked_out_userproblem_u_0dff71")): Object: 'Object Repository/Page_Swag Labs/input_standard_userlocked_out_userproblem_u_0dff71' is clicked on

2022-09-28 13:12:13 - [MESSAGE][PASSED] - Object: 'Object Repository/Page_Swag Labs/input_standard_userlocked_out_userproblem_u_0dff71' is clicked on

2022-09-28 13:12:13 - [TEST_STEP][PASSED] - closeBrowser(): Browser is closed

2022-09-28 13:12:14 - [MESSAGE][PASSED] - Browser is closed

2022-09-28 13:12:16 - [TEST_STEP][PASSED] - Video: Video recording for test case 'Test Cases/Common Test Cases/Login' .

2022-09-28 13:12:16 - [MESSAGE][INFO] - Video recording for test case 'Test Cases/Common Test Cases/Login' .]]></system-out>
         <system-err><![CDATA[]]></system-err>
      </testcase>
      <system-out><![CDATA[2022-09-28 13:11:59 - [TEST_SUITE][PASSED] - Test Suite_01: Test Cases/Common Test Cases/Login]]></system-out>
      <system-err><![CDATA[]]></system-err>
   </testsuite>
</testsuites>
